<?xml version="1.0" encoding="UTF-8"?>
<!-- Generated by org.testng.reporters.JUnitXMLReporter -->
<testsuite hostname="ShopUps-MacBook-Pro-3.local" ignored="0" tests="4" failures="0" timestamp="28 Jan 2023 11:58:59 GMT" time="32.3" errors="0">
  <testcase name="@BeforeClass beforeTest" time="0.0" classname="MultiBrowser">
    <failure type="org.testng.TestNGException" message="
Parameter &amp;apos;browser&amp;apos; is required by BeforeClass on method beforeTest but has not been marked @Optional or defined
">
      <![CDATA[org.testng.TestNGException: 
Parameter 'browser' is required by BeforeClass on method beforeTest but has not been marked @Optional or defined

at com.sun.proxy.$Proxy2.stop(Unknown Source)
... Removed 40 stack frames]]>
    </failure>
  </testcase> <!-- @BeforeClass beforeTest -->
  <testcase name="fireFoxTest" time="12.416" classname="DataProviderTest"/>
  <testcase name="test" time="0.0" classname="MultiBrowser">
    <skipped/>
  </testcase> <!-- test -->
  <testcase name="chromeTest" time="8.527" classname="ParallelTest"/>
  <testcase name="fireFoxTest" time="11.325" classname="ParallelTest"/>
</testsuite>
