<?xml version="1.0" encoding="UTF-8"?>
<!-- Generated by org.testng.reporters.JUnitXMLReporter -->
<testsuite ignored="0" hostname="ShopUps-MacBook-Pro-3.local" failures="0" tests="1" name="Gradle test" time="0.023" errors="0" timestamp="27 Jan 2023 10:35:57 GMT">
  <testcase classname="MultiBrowser" name="@BeforeClass beforeTest" time="0.0">
    <failure type="org.testng.TestNGException" message="
Parameter &amp;apos;browser&amp;apos; is required by BeforeClass on method beforeTest but has not been marked @Optional or defined
">
      <![CDATA[org.testng.TestNGException: 
Parameter 'browser' is required by BeforeClass on method beforeTest but has not been marked @Optional or defined

at jdk.proxy1/jdk.proxy1.$Proxy2.stop(Unknown Source)
... Removed 40 stack frames]]>
    </failure>
  </testcase> <!-- @BeforeClass beforeTest -->
  <testcase classname="MultiBrowser" name="run" time="0.0">
    <skipped/>
  </testcase> <!-- run -->
</testsuite> <!-- Gradle test -->
