<?xml version="1.0" encoding="UTF-8"?>
<!-- Generated by org.testng.reporters.JUnitReportReporter -->
<testsuite hostname="ShopUps-MacBook-Pro-3.local" failures="0" tests="2" name="TestRunner.CucumberRunnerTests" time="36.329" errors="1" timestamp="2023-03-03T18:05:44 BDT" skipped="0">
  <testcase classname="TestRunner.CucumberRunnerTests" name="runScenario" time="4.482">
    <error message="An element could not be located on the page using the given search parameters.
For documentation on this error, please visit: https://selenium.dev/exceptions/#no_such_element
Build info: version: &#039;4.7.0&#039;, revision: &#039;0a5b49d16f&#039;
System info: os.name: &#039;Mac OS X&#039;, os.arch: &#039;x86_64&#039;, os.version: &#039;12.4&#039;, java.version: &#039;17.0.5&#039;
Driver info: io.appium.java_client.android.AndroidDriver
Command: [af158d41-3329-4e8a-be9c-b488367d6739, findElement {using=xpath, value=//*[@id=&#039;phoneTextField&#039;]}]
Capabilities {appium:appActivity: .LoginActivity, appium:appPackage: com.experitest.ExperiBank, appium:databaseEnabled: false, appium:desired: {appActivity: .LoginActivity, appPackage: com.experitest.ExperiBank, deviceName: Xiaomi Mi Note 10 Lite, platformName: android, platformVersion: 11}, appium:deviceApiLevel: 30, appium:deviceManufacturer: Xiaomi, appium:deviceModel: Mi Note 10 Lite, appium:deviceName: a12aa2b2, appium:deviceScreenDensity: 461, appium:deviceScreenSize: 1080x2340, appium:deviceUDID: a12aa2b2, appium:javascriptEnabled: true, appium:locationContextEnabled: false, appium:networkConnectionEnabled: true, appium:pixelRatio: 2.8812501, appium:platformVersion: 11, appium:statBarHeight: 73, appium:takesScreenshot: true, appium:viewportRect: {height: 2065, left: 0, top: 73, width: 1080}, appium:warnings: {}, appium:webStorageEnabled: false, platformName: ANDROID}
Session ID: af158d41-3329-4e8a-be9c-b488367d6739" type="org.openqa.selenium.NoSuchElementException">
      <![CDATA[org.openqa.selenium.NoSuchElementException: An element could not be located on the page using the given search parameters.
For documentation on this error, please visit: https://selenium.dev/exceptions/#no_such_element
Build info: version: '4.7.0', revision: '0a5b49d16f'
System info: os.name: 'Mac OS X', os.arch: 'x86_64', os.version: '12.4', java.version: '17.0.5'
Driver info: io.appium.java_client.android.AndroidDriver
Command: [af158d41-3329-4e8a-be9c-b488367d6739, findElement {using=xpath, value=//*[@id='phoneTextField']}]
Capabilities {appium:appActivity: .LoginActivity, appium:appPackage: com.experitest.ExperiBank, appium:databaseEnabled: false, appium:desired: {appActivity: .LoginActivity, appPackage: com.experitest.ExperiBank, deviceName: Xiaomi Mi Note 10 Lite, platformName: android, platformVersion: 11}, appium:deviceApiLevel: 30, appium:deviceManufacturer: Xiaomi, appium:deviceModel: Mi Note 10 Lite, appium:deviceName: a12aa2b2, appium:deviceScreenDensity: 461, appium:deviceScreenSize: 1080x2340, appium:deviceUDID: a12aa2b2, appium:javascriptEnabled: true, appium:locationContextEnabled: false, appium:networkConnectionEnabled: true, appium:pixelRatio: 2.8812501, appium:platformVersion: 11, appium:statBarHeight: 73, appium:takesScreenshot: true, appium:viewportRect: {height: 2065, left: 0, top: 73, width: 1080}, appium:warnings: {}, appium:webStorageEnabled: false, platformName: ANDROID}
Session ID: af158d41-3329-4e8a-be9c-b488367d6739
at java.base/jdk.internal.reflect.NativeConstructorAccessorImpl.newInstance0(Native Method)
at java.base/jdk.internal.reflect.NativeConstructorAccessorImpl.newInstance(NativeConstructorAccessorImpl.java:77)
at java.base/jdk.internal.reflect.DelegatingConstructorAccessorImpl.newInstance(DelegatingConstructorAccessorImpl.java:45)
at java.base/java.lang.reflect.Constructor.newInstanceWithCaller(Constructor.java:499)
at java.base/java.lang.reflect.Constructor.newInstance(Constructor.java:480)
at org.openqa.selenium.remote.codec.w3c.W3CHttpResponseCodec.createException(W3CHttpResponseCodec.java:200)
at org.openqa.selenium.remote.codec.w3c.W3CHttpResponseCodec.decode(W3CHttpResponseCodec.java:133)
at org.openqa.selenium.remote.codec.w3c.W3CHttpResponseCodec.decode(W3CHttpResponseCodec.java:53)
at org.openqa.selenium.remote.HttpCommandExecutor.execute(HttpCommandExecutor.java:184)
at io.appium.java_client.remote.AppiumCommandExecutor.execute(AppiumCommandExecutor.java:262)
at org.openqa.selenium.remote.RemoteWebDriver.execute(RemoteWebDriver.java:541)
at org.openqa.selenium.remote.ElementLocation$ElementFinder$2.findElement(ElementLocation.java:162)
at org.openqa.selenium.remote.ElementLocation.findElement(ElementLocation.java:60)
at org.openqa.selenium.remote.RemoteWebDriver.findElement(RemoteWebDriver.java:365)
at org.openqa.selenium.remote.RemoteWebDriver.findElement(RemoteWebDriver.java:357)
at AppAutomation.AppAutomationPage.sendPayment(AppAutomationPage.java:34)
at StepDefinition.MakePaymentStepdefs.userEnterPhoneAndNameAndAmountAndCountry(MakePaymentStepdefs.java:26)
at âœ½.user enter '01711786756' and  'suchona' and '500' and 'India'(file:///Users/shopup/AutomationCoverage/AutomationCoverage/src/test/resources/Features/makePayment.feature:7)
]]>
    </error>
  </testcase> <!-- runScenario -->
  <system-out/>
  <testcase classname="TestRunner.CucumberRunnerTests" name="runScenario" time="31.847"/>
  <system-out/>
</testsuite> <!-- TestRunner.CucumberRunnerTests -->
